In file included from [01m[K/home/ardalan/catkin_ws/src/mav_control_rw/mav_nonlinear_mpc/src/nonlinear_mpc.cc:33:0[m[K:
[01m[K/home/ardalan/catkin_ws/src/mav_control_rw/mav_nonlinear_mpc/include/mav_nonlinear_mpc/nonlinear_mpc.h:44:21:[m[K [01;31m[Kfatal error: [m[Klapacke.h: No such file or directory
compilation terminated.
make[2]: *** [CMakeFiles/mav_nonlinear_mpc_lib.dir/src/nonlinear_mpc.cc.o] Error 1
make[2]: *** Waiting for unfinished jobs....
make[1]: *** [CMakeFiles/mav_nonlinear_mpc_lib.dir/all] Error 2
make: *** [all] Error 2
